\BOOKMARK [0][-]{section*.1}{Indice}{}% 1
\BOOKMARK [-1][-]{part.1}{Topologia generale}{}% 2
\BOOKMARK [0][-]{chapter.1}{Spazi topologici}{part.1}% 3
\BOOKMARK [1][-]{section.1.1}{Spazio topologico}{chapter.1}% 4
\BOOKMARK [1][-]{section.1.2}{Distanza e spazi metrici}{chapter.1}% 5
\BOOKMARK [1][-]{section.1.3}{Distanza e spazi metrici}{chapter.1}% 6
\BOOKMARK [2][-]{subsection.1.3.1}{Norme esotiche}{section.1.3}% 7
\BOOKMARK [1][-]{section.1.4}{Finezza: confronto di topologia}{chapter.1}% 8
\BOOKMARK [1][-]{section.1.5}{Base della topologia}{chapter.1}% 9
\BOOKMARK [1][-]{section.1.6}{Altri concetti topologici: chiusura, interno, frontiera e densit\340}{chapter.1}% 10
\BOOKMARK [1][-]{section.1.7}{Intorni}{chapter.1}% 11
\BOOKMARK [1][-]{section.1.8}{Funzioni continue}{chapter.1}% 12
\BOOKMARK [1][-]{section.1.9}{Topologia indotta}{chapter.1}% 13
\BOOKMARK [1][-]{section.1.10}{Sottospazio topologico}{chapter.1}% 14
\BOOKMARK [2][-]{subsection.1.10.1}{Immersione}{section.1.10}% 15
\BOOKMARK [1][-]{section.1.11}{Prodotti topologici}{chapter.1}% 16
\BOOKMARK [1][-]{section.1.12}{Assiomi di separazione: T1 e Hausdorff}{chapter.1}% 17
\BOOKMARK [1][-]{section.1.13}{Propriet\340 topologica}{chapter.1}% 18
\BOOKMARK [0][-]{chapter.2}{Connessione e compattezza}{part.1}% 19
\BOOKMARK [-1][-]{part.2}{Omotopia}{}% 20
